<?xml version="1.0" encoding="UTF-8"?>
<TestRun id="ae009a26-af1a-4d34-b6d0-b8039bc67488" name="Administrator@WIN-VNV6MS45H7S 2013-01-31 16:15:21" runUser="WIN-VNV6MS45H7S\Administrator" xmlns="http://microsoft.com/schemas/VisualStudio/TeamTest/2010">
  <TestSettings name="Local" id="a4d1e543-9071-49d0-9d0f-9bb2feb37e93">
    <Description>These are default test settings for a local test run.</Description>
    <Deployment enabled="false" runDeploymentRoot="Administrator_WIN-VNV6MS45H7S 2013-01-31 16_15_21">
      <DeploymentItem filename="D:\My Projects\DijkstrasAlgorithm\Services\bin\Debug\Services.dll" />
      <DeploymentItem filename="D:\My Projects\DijkstrasAlgorithm\Entities\bin\Debug\Entities.dll" />
    </Deployment>
    <Execution>
      <TestTypeSpecific />
      <AgentRule name="Execution Agents">
      </AgentRule>
    </Execution>
  </TestSettings>
  <Times creation="2013-01-31T16:15:21.8046703+02:00" queuing="2013-01-31T16:15:28.5560564+02:00" start="2013-01-31T16:15:28.8210716+02:00" finish="2013-01-31T16:15:39.1186606+02:00" />
  <ResultSummary outcome="Failed">
    <Counters total="2" executed="2" passed="1" error="0" failed="1" timeout="0" aborted="0" inconclusive="0" passedButRunAborted="0" notRunnable="0" notExecuted="0" disconnected="0" warning="0" completed="0" inProgress="0" pending="0" />
  </ResultSummary>
  <TestDefinitions>
    <UnitTest name="CreateTreeTest" storage="d:\my projects\dijkstrasalgorithm\unittests\bin\debug\unittests.dll" id="5d88df84-0305-fd3f-524f-4e3b272dc83c">
      <Execution id="5ae7c131-1b9d-4ba4-a2ce-1acce0750a4f" />
      <TestMethod codeBase="D:/My Projects/DijkstrasAlgorithm/UnitTests/bin/Debug/UnitTests.DLL" adapterTypeName="Microsoft.VisualStudio.TestTools.TestTypes.Unit.UnitTestAdapter, Microsoft.VisualStudio.QualityTools.Tips.UnitTest.Adapter, Version=10.0.0.0, Culture=neutral, PublicKeyToken=b03f5f7f11d50a3a" className="UnitTests.ShortestPathTest, UnitTests, Version=1.0.0.0, Culture=neutral, PublicKeyToken=null" name="CreateTreeTest" />
    </UnitTest>
    <UnitTest name="GetShortestPathTest" storage="d:\my projects\dijkstrasalgorithm\unittests\bin\debug\unittests.dll" id="2435bbb8-1803-18b7-8506-256abccc29a0">
      <Execution id="75da0483-73be-404a-bfde-93f7eb182c1f" />
      <TestMethod codeBase="D:/My Projects/DijkstrasAlgorithm/UnitTests/bin/Debug/UnitTests.DLL" adapterTypeName="Microsoft.VisualStudio.TestTools.TestTypes.Unit.UnitTestAdapter, Microsoft.VisualStudio.QualityTools.Tips.UnitTest.Adapter, Version=10.0.0.0, Culture=neutral, PublicKeyToken=b03f5f7f11d50a3a" className="UnitTests.ShortestPathTest, UnitTests, Version=1.0.0.0, Culture=neutral, PublicKeyToken=null" name="GetShortestPathTest" />
    </UnitTest>
  </TestDefinitions>
  <TestLists>
    <TestList name="Results Not in a List" id="8c84fa94-04c1-424b-9868-57a2d4851a1d" />
    <TestList name="All Loaded Results" id="19431567-8539-422a-85d7-44ee4e166bda" />
  </TestLists>
  <TestEntries>
    <TestEntry testId="2435bbb8-1803-18b7-8506-256abccc29a0" executionId="75da0483-73be-404a-bfde-93f7eb182c1f" testListId="8c84fa94-04c1-424b-9868-57a2d4851a1d" />
    <TestEntry testId="5d88df84-0305-fd3f-524f-4e3b272dc83c" executionId="5ae7c131-1b9d-4ba4-a2ce-1acce0750a4f" testListId="8c84fa94-04c1-424b-9868-57a2d4851a1d" />
  </TestEntries>
  <Results>
    <UnitTestResult executionId="75da0483-73be-404a-bfde-93f7eb182c1f" testId="2435bbb8-1803-18b7-8506-256abccc29a0" testName="GetShortestPathTest" computerName="WIN-VNV6MS45H7S" duration="00:00:07.1420687" startTime="2013-01-31T16:15:29.0650855+02:00" endTime="2013-01-31T16:15:38.8996480+02:00" testType="13cdc9d9-ddb5-4fa4-a97d-d965ccfc6d4b" outcome="Failed" testListId="8c84fa94-04c1-424b-9868-57a2d4851a1d" relativeResultsDirectory="75da0483-73be-404a-bfde-93f7eb182c1f">
      <Output>
        <ErrorInfo>
          <Message>Test method UnitTests.ShortestPathTest.GetShortestPathTest threw exception: 
System.Collections.Generic.KeyNotFoundException: The given key was not present in the dictionary.</Message>
          <StackTrace>    at System.Collections.Generic.Dictionary`2.get_Item(TKey key)
   at Services.ShortestPath.&lt;GetPath&gt;d__c.MoveNext() in D:\My Projects\DijkstrasAlgorithm\Services\ShortestPath.cs:line 137
   at System.Linq.Enumerable.Count[TSource](IEnumerable`1 source)
   at UnitTests.ShortestPathTest.GetShortestPathTest() in D:\My Projects\DijkstrasAlgorithm\UnitTests\ShortestPathTest.cs:line 80
</StackTrace>
        </ErrorInfo>
      </Output>
    </UnitTestResult>
    <UnitTestResult executionId="5ae7c131-1b9d-4ba4-a2ce-1acce0750a4f" testId="5d88df84-0305-fd3f-524f-4e3b272dc83c" testName="CreateTreeTest" computerName="WIN-VNV6MS45H7S" duration="00:00:00.0253721" startTime="2013-01-31T16:15:38.9576514+02:00" endTime="2013-01-31T16:15:38.9896532+02:00" testType="13cdc9d9-ddb5-4fa4-a97d-d965ccfc6d4b" outcome="Passed" testListId="8c84fa94-04c1-424b-9868-57a2d4851a1d" relativeResultsDirectory="5ae7c131-1b9d-4ba4-a2ce-1acce0750a4f">
    </UnitTestResult>
  </Results>
</TestRun>