<?xml version="1.0" encoding="UTF-8"?>
<TestRun id="265f4f53-5f44-4918-acbe-cdce2036ffdb" name="Administrator@WIN-VNV6MS45H7S 2013-01-31 17:35:49" runUser="WIN-VNV6MS45H7S\Administrator" xmlns="http://microsoft.com/schemas/VisualStudio/TeamTest/2010">
  <TestSettings name="Local" id="a4d1e543-9071-49d0-9d0f-9bb2feb37e93">
    <Description>These are default test settings for a local test run.</Description>
    <Deployment userDeploymentRoot="D:\My Projects\DijkstrasAlgorithm\TestResults" useDefaultDeploymentRoot="false" enabled="false" runDeploymentRoot="Administrator_WIN-VNV6MS45H7S 2013-01-31 17_35_49">
      <DeploymentItem filename="D:\My Projects\DijkstrasAlgorithm\Services\bin\Debug\Services.dll" />
      <DeploymentItem filename="D:\My Projects\DijkstrasAlgorithm\Entities\bin\Debug\Entities.dll" />
    </Deployment>
    <Execution>
      <TestTypeSpecific />
      <AgentRule name="Execution Agents">
      </AgentRule>
    </Execution>
  </TestSettings>
  <Times creation="2013-01-31T17:35:49.3427896+02:00" queuing="2013-01-31T17:35:50.7028674+02:00" start="2013-01-31T17:35:50.9258802+02:00" finish="2013-01-31T17:41:13.6163370+02:00" />
  <ResultSummary outcome="Error">
    <Counters total="2" executed="2" passed="1" error="0" failed="0" timeout="0" aborted="1" inconclusive="0" passedButRunAborted="0" notRunnable="0" notExecuted="0" disconnected="0" warning="0" completed="0" inProgress="0" pending="0" />
    <RunInfos>
      <RunInfo computerName="WIN-VNV6MS45H7S" outcome="Error" timestamp="2013-01-31T17:41:13.6143369+02:00">
        <Text>Test host process exited unexpectedly.</Text>
      </RunInfo>
    </RunInfos>
  </ResultSummary>
  <TestDefinitions>
    <UnitTest name="CreateTreeTest" storage="d:\my projects\dijkstrasalgorithm\unittests\bin\debug\unittests.dll" id="5d88df84-0305-fd3f-524f-4e3b272dc83c">
      <Execution id="3b997595-38e6-446a-8923-bbc7395559d1" />
      <TestMethod codeBase="D:/My Projects/DijkstrasAlgorithm/UnitTests/bin/Debug/UnitTests.DLL" adapterTypeName="Microsoft.VisualStudio.TestTools.TestTypes.Unit.UnitTestAdapter, Microsoft.VisualStudio.QualityTools.Tips.UnitTest.Adapter, Version=10.0.0.0, Culture=neutral, PublicKeyToken=b03f5f7f11d50a3a" className="UnitTests.ShortestPathTest, UnitTests, Version=1.0.0.0, Culture=neutral, PublicKeyToken=null" name="CreateTreeTest" />
    </UnitTest>
    <UnitTest name="GetShortestPathTest" storage="d:\my projects\dijkstrasalgorithm\unittests\bin\debug\unittests.dll" id="2435bbb8-1803-18b7-8506-256abccc29a0">
      <Execution id="e73c256b-1fbb-4b5d-accd-3740bd197a65" />
      <TestMethod codeBase="D:/My Projects/DijkstrasAlgorithm/UnitTests/bin/Debug/UnitTests.DLL" adapterTypeName="Microsoft.VisualStudio.TestTools.TestTypes.Unit.UnitTestAdapter, Microsoft.VisualStudio.QualityTools.Tips.UnitTest.Adapter, Version=10.0.0.0, Culture=neutral, PublicKeyToken=b03f5f7f11d50a3a" className="UnitTests.ShortestPathTest, UnitTests, Version=1.0.0.0, Culture=neutral, PublicKeyToken=null" name="GetShortestPathTest" />
    </UnitTest>
  </TestDefinitions>
  <TestLists>
    <TestList name="Results Not in a List" id="8c84fa94-04c1-424b-9868-57a2d4851a1d" />
    <TestList name="All Loaded Results" id="19431567-8539-422a-85d7-44ee4e166bda" />
  </TestLists>
  <TestEntries>
    <TestEntry testId="5d88df84-0305-fd3f-524f-4e3b272dc83c" executionId="3b997595-38e6-446a-8923-bbc7395559d1" testListId="8c84fa94-04c1-424b-9868-57a2d4851a1d" />
    <TestEntry testId="2435bbb8-1803-18b7-8506-256abccc29a0" executionId="e73c256b-1fbb-4b5d-accd-3740bd197a65" testListId="8c84fa94-04c1-424b-9868-57a2d4851a1d" />
  </TestEntries>
  <Results>
    <UnitTestResult executionId="3b997595-38e6-446a-8923-bbc7395559d1" testId="5d88df84-0305-fd3f-524f-4e3b272dc83c" testName="CreateTreeTest" computerName="WIN-VNV6MS45H7S" duration="00:00:00.0944298" startTime="2013-01-31T17:35:51.1188912+02:00" endTime="2013-01-31T17:35:53.6440357+02:00" testType="13cdc9d9-ddb5-4fa4-a97d-d965ccfc6d4b" outcome="Passed" testListId="8c84fa94-04c1-424b-9868-57a2d4851a1d" relativeResultsDirectory="3b997595-38e6-446a-8923-bbc7395559d1">
    </UnitTestResult>
    <UnitTestResult executionId="e73c256b-1fbb-4b5d-accd-3740bd197a65" testId="2435bbb8-1803-18b7-8506-256abccc29a0" testName="GetShortestPathTest" computerName="WIN-VNV6MS45H7S" duration="00:05:19.9673011" startTime="2013-01-31T17:35:53.6480359+02:00" endTime="2013-01-31T17:41:13.6153370+02:00" testType="13cdc9d9-ddb5-4fa4-a97d-d965ccfc6d4b" outcome="Aborted" testListId="8c84fa94-04c1-424b-9868-57a2d4851a1d" relativeResultsDirectory="e73c256b-1fbb-4b5d-accd-3740bd197a65">
    </UnitTestResult>
  </Results>
</TestRun>