<?xml version="1.0" encoding="UTF-8"?>
<TestRun id="57082922-8c4c-4de9-956c-2962ecfc13a8" name="Administrator@WIN-VNV6MS45H7S 2013-01-31 16:21:52" runUser="WIN-VNV6MS45H7S\Administrator" xmlns="http://microsoft.com/schemas/VisualStudio/TeamTest/2010">
  <TestSettings name="Local" id="a4d1e543-9071-49d0-9d0f-9bb2feb37e93">
    <Description>These are default test settings for a local test run.</Description>
    <Deployment userDeploymentRoot="D:\My Projects\DijkstrasAlgorithm\TestResults" useDefaultDeploymentRoot="false" enabled="false" runDeploymentRoot="Administrator_WIN-VNV6MS45H7S 2013-01-31 16_21_52">
      <DeploymentItem filename="D:\My Projects\DijkstrasAlgorithm\Services\bin\Debug\Services.dll" />
      <DeploymentItem filename="D:\My Projects\DijkstrasAlgorithm\Entities\bin\Debug\Entities.dll" />
    </Deployment>
    <Execution>
      <TestTypeSpecific />
      <AgentRule name="Execution Agents">
      </AgentRule>
    </Execution>
  </TestSettings>
  <Times creation="2013-01-31T16:21:52.8750382+02:00" queuing="2013-01-31T16:21:54.3561229+02:00" start="2013-01-31T16:21:54.5451337+02:00" finish="2013-01-31T16:28:34.2739969+02:00" />
  <ResultSummary outcome="Error">
    <Counters total="1" executed="1" error="0" failed="0" timeout="0" aborted="1" inconclusive="0" passedButRunAborted="0" notRunnable="0" notExecuted="0" disconnected="0" warning="0" passed="0" completed="0" inProgress="0" pending="0" />
    <RunInfos>
      <RunInfo computerName="WIN-VNV6MS45H7S" outcome="Error" timestamp="2013-01-31T16:28:34.2729969+02:00">
        <Text>Test host process exited unexpectedly.</Text>
      </RunInfo>
    </RunInfos>
  </ResultSummary>
  <TestDefinitions>
    <UnitTest name="GetShortestPathTest" storage="d:\my projects\dijkstrasalgorithm\unittests\bin\debug\unittests.dll" id="2435bbb8-1803-18b7-8506-256abccc29a0">
      <Execution id="614909d0-dee3-4e1a-a8c4-d6fe9a1fad3d" />
      <TestMethod codeBase="D:/My Projects/DijkstrasAlgorithm/UnitTests/bin/Debug/UnitTests.DLL" adapterTypeName="Microsoft.VisualStudio.TestTools.TestTypes.Unit.UnitTestAdapter, Microsoft.VisualStudio.QualityTools.Tips.UnitTest.Adapter, Version=10.0.0.0, Culture=neutral, PublicKeyToken=b03f5f7f11d50a3a" className="UnitTests.ShortestPathTest, UnitTests, Version=1.0.0.0, Culture=neutral, PublicKeyToken=null" name="GetShortestPathTest" />
    </UnitTest>
  </TestDefinitions>
  <TestLists>
    <TestList name="Results Not in a List" id="8c84fa94-04c1-424b-9868-57a2d4851a1d" />
    <TestList name="All Loaded Results" id="19431567-8539-422a-85d7-44ee4e166bda" />
  </TestLists>
  <TestEntries>
    <TestEntry testId="2435bbb8-1803-18b7-8506-256abccc29a0" executionId="614909d0-dee3-4e1a-a8c4-d6fe9a1fad3d" testListId="8c84fa94-04c1-424b-9868-57a2d4851a1d" />
  </TestEntries>
  <Results>
    <UnitTestResult executionId="614909d0-dee3-4e1a-a8c4-d6fe9a1fad3d" testId="2435bbb8-1803-18b7-8506-256abccc29a0" testName="GetShortestPathTest" computerName="WIN-VNV6MS45H7S" duration="00:06:39.5448526" startTime="2013-01-31T16:21:54.7291443+02:00" endTime="2013-01-31T16:28:34.2739969+02:00" testType="13cdc9d9-ddb5-4fa4-a97d-d965ccfc6d4b" outcome="Aborted" testListId="8c84fa94-04c1-424b-9868-57a2d4851a1d" relativeResultsDirectory="614909d0-dee3-4e1a-a8c4-d6fe9a1fad3d">
    </UnitTestResult>
  </Results>
</TestRun>