<?xml version="1.0" encoding="UTF-8"?>
<TestRun id="3bb320f6-9f84-4db4-97d2-10c18b8584ae" name="Administrator@WIN-VNV6MS45H7S 2013-01-31 17:43:33" runUser="WIN-VNV6MS45H7S\Administrator" xmlns="http://microsoft.com/schemas/VisualStudio/TeamTest/2010">
  <TestSettings name="Local" id="a4d1e543-9071-49d0-9d0f-9bb2feb37e93">
    <Description>These are default test settings for a local test run.</Description>
    <Deployment userDeploymentRoot="D:\My Projects\DijkstrasAlgorithm\TestResults" useDefaultDeploymentRoot="false" enabled="false" runDeploymentRoot="Administrator_WIN-VNV6MS45H7S 2013-01-31 17_43_33">
      <DeploymentItem filename="D:\My Projects\DijkstrasAlgorithm\Services\bin\Debug\Services.dll" />
      <DeploymentItem filename="D:\My Projects\DijkstrasAlgorithm\Entities\bin\Debug\Entities.dll" />
    </Deployment>
    <Execution>
      <TestTypeSpecific />
      <AgentRule name="Execution Agents">
      </AgentRule>
    </Execution>
  </TestSettings>
  <Times creation="2013-01-31T17:43:33.0403116+02:00" queuing="2013-01-31T17:43:34.5723993+02:00" start="2013-01-31T17:43:34.7674104+02:00" finish="2013-01-31T17:44:18.9629383+02:00" />
  <ResultSummary outcome="Failed">
    <Counters total="1" executed="1" error="0" failed="1" timeout="0" aborted="0" inconclusive="0" passedButRunAborted="0" notRunnable="0" notExecuted="0" disconnected="0" warning="0" passed="0" completed="0" inProgress="0" pending="0" />
  </ResultSummary>
  <TestDefinitions>
    <UnitTest name="GetShortestPathTest" storage="d:\my projects\dijkstrasalgorithm\unittests\bin\debug\unittests.dll" id="2435bbb8-1803-18b7-8506-256abccc29a0">
      <Execution id="d34cb858-4b6a-43ca-b415-06cfcf8f7eda" />
      <TestMethod codeBase="D:/My Projects/DijkstrasAlgorithm/UnitTests/bin/Debug/UnitTests.DLL" adapterTypeName="Microsoft.VisualStudio.TestTools.TestTypes.Unit.UnitTestAdapter, Microsoft.VisualStudio.QualityTools.Tips.UnitTest.Adapter, Version=10.0.0.0, Culture=neutral, PublicKeyToken=b03f5f7f11d50a3a" className="UnitTests.ShortestPathTest, UnitTests, Version=1.0.0.0, Culture=neutral, PublicKeyToken=null" name="GetShortestPathTest" />
    </UnitTest>
  </TestDefinitions>
  <TestLists>
    <TestList name="Results Not in a List" id="8c84fa94-04c1-424b-9868-57a2d4851a1d" />
    <TestList name="All Loaded Results" id="19431567-8539-422a-85d7-44ee4e166bda" />
  </TestLists>
  <TestEntries>
    <TestEntry testId="2435bbb8-1803-18b7-8506-256abccc29a0" executionId="d34cb858-4b6a-43ca-b415-06cfcf8f7eda" testListId="8c84fa94-04c1-424b-9868-57a2d4851a1d" />
  </TestEntries>
  <Results>
    <UnitTestResult executionId="d34cb858-4b6a-43ca-b415-06cfcf8f7eda" testId="2435bbb8-1803-18b7-8506-256abccc29a0" testName="GetShortestPathTest" computerName="WIN-VNV6MS45H7S" duration="00:00:41.5402472" startTime="2013-01-31T17:43:34.9334199+02:00" endTime="2013-01-31T17:44:18.8149298+02:00" testType="13cdc9d9-ddb5-4fa4-a97d-d965ccfc6d4b" outcome="Failed" testListId="8c84fa94-04c1-424b-9868-57a2d4851a1d" relativeResultsDirectory="d34cb858-4b6a-43ca-b415-06cfcf8f7eda">
      <Output>
        <ErrorInfo>
          <Message>Test method UnitTests.ShortestPathTest.GetShortestPathTest threw exception: 
System.ArgumentNullException: Value cannot be null.
Parameter name: key</Message>
          <StackTrace>    at System.Collections.Generic.Dictionary`2.FindEntry(TKey key)
   at System.Collections.Generic.Dictionary`2.get_Item(TKey key)
   at Services.ShortestPath.GetMinimumEdge(Dictionary`2 tree, HashSet`1 visited) in D:\My Projects\DijkstrasAlgorithm\Services\ShortestPath.cs:line 85
   at Services.ShortestPath.GetShortestPath(Dictionary`2 tree, String source, String destination) in D:\My Projects\DijkstrasAlgorithm\Services\ShortestPath.cs:line 71
   at Services.ShortestPath.Services.IShortestPath.GetShortestPath(IEnumerable`1 graph, String source, String destination) in D:\My Projects\DijkstrasAlgorithm\Services\ShortestPath.cs:line 17
   at UnitTests.ShortestPathTest.GetShortestPathTest() in D:\My Projects\DijkstrasAlgorithm\UnitTests\ShortestPathTest.cs:line 77
</StackTrace>
        </ErrorInfo>
      </Output>
    </UnitTestResult>
  </Results>
</TestRun>