<?xml version="1.0" encoding="UTF-8"?>
<TestRun id="662d3c9a-201e-4400-8323-f7865d68f028" name="Omar@OMAR-PC 2013-01-31 23:54:19" runUser="Omar-PC\Omar" xmlns="http://microsoft.com/schemas/VisualStudio/TeamTest/2010">
  <TestSettings name="Local" id="a4d1e543-9071-49d0-9d0f-9bb2feb37e93">
    <Description>These are default test settings for a local test run.</Description>
    <Deployment enabled="false" runDeploymentRoot="Omar_OMAR-PC 2013-01-31 23_54_19">
      <DeploymentItem filename="C:\Users\Omar\Desktop\DijkstrasAlgorithm\Services\bin\Debug\Services.dll" />
      <DeploymentItem filename="C:\Users\Omar\Desktop\DijkstrasAlgorithm\Entities\bin\Debug\Entities.dll" />
    </Deployment>
    <Execution>
      <TestTypeSpecific />
      <AgentRule name="Execution Agents">
      </AgentRule>
    </Execution>
  </TestSettings>
  <Times creation="2013-01-31T23:54:19.6025721+02:00" queuing="2013-01-31T23:54:19.9615927+02:00" start="2013-01-31T23:54:20.0255963+02:00" finish="2013-01-31T23:54:20.6976348+02:00" />
  <ResultSummary outcome="Failed">
    <Counters total="2" executed="2" passed="1" error="0" failed="1" timeout="0" aborted="0" inconclusive="0" passedButRunAborted="0" notRunnable="0" notExecuted="0" disconnected="0" warning="0" completed="0" inProgress="0" pending="0" />
  </ResultSummary>
  <TestDefinitions>
    <UnitTest name="CreateTreeTest" storage="c:\users\omar\desktop\dijkstrasalgorithm\unittests\bin\debug\unittests.dll" id="5d88df84-0305-fd3f-524f-4e3b272dc83c">
      <Execution id="72f8f05e-0462-43b9-98ce-f5e3160308ae" />
      <TestMethod codeBase="C:/Users/Omar/Desktop/DijkstrasAlgorithm/UnitTests/bin/Debug/UnitTests.DLL" adapterTypeName="Microsoft.VisualStudio.TestTools.TestTypes.Unit.UnitTestAdapter, Microsoft.VisualStudio.QualityTools.Tips.UnitTest.Adapter, Version=10.0.0.0, Culture=neutral, PublicKeyToken=b03f5f7f11d50a3a" className="UnitTests.ShortestPathTest, UnitTests, Version=1.0.0.0, Culture=neutral, PublicKeyToken=null" name="CreateTreeTest" />
    </UnitTest>
    <UnitTest name="GetShortestPathTest" storage="c:\users\omar\desktop\dijkstrasalgorithm\unittests\bin\debug\unittests.dll" id="2435bbb8-1803-18b7-8506-256abccc29a0">
      <Execution id="d063cbe3-db1a-4453-a181-307162d735fe" />
      <TestMethod codeBase="C:/Users/Omar/Desktop/DijkstrasAlgorithm/UnitTests/bin/Debug/UnitTests.DLL" adapterTypeName="Microsoft.VisualStudio.TestTools.TestTypes.Unit.UnitTestAdapter, Microsoft.VisualStudio.QualityTools.Tips.UnitTest.Adapter, Version=10.0.0.0, Culture=neutral, PublicKeyToken=b03f5f7f11d50a3a" className="UnitTests.ShortestPathTest, UnitTests, Version=1.0.0.0, Culture=neutral, PublicKeyToken=null" name="GetShortestPathTest" />
    </UnitTest>
  </TestDefinitions>
  <TestLists>
    <TestList name="Results Not in a List" id="8c84fa94-04c1-424b-9868-57a2d4851a1d" />
    <TestList name="All Loaded Results" id="19431567-8539-422a-85d7-44ee4e166bda" />
  </TestLists>
  <TestEntries>
    <TestEntry testId="2435bbb8-1803-18b7-8506-256abccc29a0" executionId="d063cbe3-db1a-4453-a181-307162d735fe" testListId="8c84fa94-04c1-424b-9868-57a2d4851a1d" />
    <TestEntry testId="5d88df84-0305-fd3f-524f-4e3b272dc83c" executionId="72f8f05e-0462-43b9-98ce-f5e3160308ae" testListId="8c84fa94-04c1-424b-9868-57a2d4851a1d" />
  </TestEntries>
  <Results>
    <UnitTestResult executionId="d063cbe3-db1a-4453-a181-307162d735fe" testId="2435bbb8-1803-18b7-8506-256abccc29a0" testName="GetShortestPathTest" computerName="OMAR-PC" duration="00:00:00.0871711" startTime="2013-01-31T23:54:20.0365969+02:00" endTime="2013-01-31T23:54:20.6046294+02:00" testType="13cdc9d9-ddb5-4fa4-a97d-d965ccfc6d4b" outcome="Failed" testListId="8c84fa94-04c1-424b-9868-57a2d4851a1d" relativeResultsDirectory="d063cbe3-db1a-4453-a181-307162d735fe">
      <Output>
        <ErrorInfo>
          <Message>Test method UnitTests.ShortestPathTest.GetShortestPathTest threw exception: 
System.Collections.Generic.KeyNotFoundException: The given key was not present in the dictionary.</Message>
          <StackTrace>    at System.Collections.Generic.Dictionary`2.get_Item(TKey key)
   at Services.ShortestPath.GetPath(String source, Node minimumNode) in C:\Users\Omar\Desktop\DijkstrasAlgorithm\Services\ShortestPath.cs:line 151
   at Services.ShortestPath.Services.IShortestPath.GetShortestPath(String source, String destination) in C:\Users\Omar\Desktop\DijkstrasAlgorithm\Services\ShortestPath.cs:line 33
   at UnitTests.ShortestPathTest.GetShortestPathTest() in C:\Users\Omar\Desktop\DijkstrasAlgorithm\UnitTests\ShortestPathTest.cs:line 77
</StackTrace>
        </ErrorInfo>
      </Output>
    </UnitTestResult>
    <UnitTestResult executionId="72f8f05e-0462-43b9-98ce-f5e3160308ae" testId="5d88df84-0305-fd3f-524f-4e3b272dc83c" testName="CreateTreeTest" computerName="OMAR-PC" duration="00:00:00.0077106" startTime="2013-01-31T23:54:20.6056295+02:00" endTime="2013-01-31T23:54:20.6186302+02:00" testType="13cdc9d9-ddb5-4fa4-a97d-d965ccfc6d4b" outcome="Passed" testListId="8c84fa94-04c1-424b-9868-57a2d4851a1d" relativeResultsDirectory="72f8f05e-0462-43b9-98ce-f5e3160308ae">
    </UnitTestResult>
  </Results>
</TestRun>