<?xml version="1.0" encoding="UTF-8"?>
<TestRun id="69fa4a3d-b7bd-49f6-a1d1-3b14cb0950ec" name="Omar@OMAR-PC 2013-02-08 20:30:09" runUser="Omar-PC\Omar" xmlns="http://microsoft.com/schemas/VisualStudio/TeamTest/2010">
  <TestSettings name="Local" id="a4d1e543-9071-49d0-9d0f-9bb2feb37e93">
    <Description>These are default test settings for a local test run.</Description>
    <Deployment enabled="false" runDeploymentRoot="Omar_OMAR-PC 2013-02-08 20_30_09">
      <DeploymentItem filename="D:\Git\Dijkstra-s-Algorithm\DijkstrasAlgorithm\Services\bin\Debug\Services.dll" />
      <DeploymentItem filename="D:\Git\Dijkstra-s-Algorithm\DijkstrasAlgorithm\Entities\bin\Debug\Entities.dll" />
    </Deployment>
    <Execution>
      <TestTypeSpecific />
      <AgentRule name="Execution Agents">
      </AgentRule>
    </Execution>
  </TestSettings>
  <Times creation="2013-02-08T20:30:09.4992463+02:00" queuing="2013-02-08T20:30:11.2713477+02:00" start="2013-02-08T20:30:11.5603642+02:00" finish="2013-02-08T20:31:17.8451555+02:00" />
  <ResultSummary outcome="Error">
    <Counters total="2" executed="1" error="0" failed="0" timeout="0" aborted="1" inconclusive="0" passedButRunAborted="0" notRunnable="0" notExecuted="1" disconnected="0" warning="0" passed="0" completed="0" inProgress="0" pending="0" />
    <RunInfos>
      <RunInfo computerName="OMAR-PC" outcome="Error" timestamp="2013-02-08T20:31:17.8421553+02:00">
        <Text>Test host process exited unexpectedly.</Text>
      </RunInfo>
    </RunInfos>
  </ResultSummary>
  <TestDefinitions>
    <UnitTest name="CreateTreeTest" storage="d:\git\dijkstra-s-algorithm\dijkstrasalgorithm\unittests\bin\debug\unittests.dll" id="5d88df84-0305-fd3f-524f-4e3b272dc83c">
      <Execution id="5ace1dc6-8d36-4118-ae33-026dd46e6964" />
      <TestMethod codeBase="D:/Git/Dijkstra-s-Algorithm/DijkstrasAlgorithm/UnitTests/bin/Debug/UnitTests.DLL" adapterTypeName="Microsoft.VisualStudio.TestTools.TestTypes.Unit.UnitTestAdapter, Microsoft.VisualStudio.QualityTools.Tips.UnitTest.Adapter, Version=10.0.0.0, Culture=neutral, PublicKeyToken=b03f5f7f11d50a3a" className="UnitTests.ShortestPathTest, UnitTests, Version=1.0.0.0, Culture=neutral, PublicKeyToken=null" name="CreateTreeTest" />
    </UnitTest>
    <UnitTest name="GetShortestPathTest" storage="d:\git\dijkstra-s-algorithm\dijkstrasalgorithm\unittests\bin\debug\unittests.dll" id="2435bbb8-1803-18b7-8506-256abccc29a0">
      <Execution id="1154701e-b9cf-4441-838a-5a15a46354c8" />
      <TestMethod codeBase="D:/Git/Dijkstra-s-Algorithm/DijkstrasAlgorithm/UnitTests/bin/Debug/UnitTests.DLL" adapterTypeName="Microsoft.VisualStudio.TestTools.TestTypes.Unit.UnitTestAdapter, Microsoft.VisualStudio.QualityTools.Tips.UnitTest.Adapter, Version=10.0.0.0, Culture=neutral, PublicKeyToken=b03f5f7f11d50a3a" className="UnitTests.ShortestPathTest, UnitTests, Version=1.0.0.0, Culture=neutral, PublicKeyToken=null" name="GetShortestPathTest" />
    </UnitTest>
  </TestDefinitions>
  <TestLists>
    <TestList name="Results Not in a List" id="8c84fa94-04c1-424b-9868-57a2d4851a1d" />
    <TestList name="All Loaded Results" id="19431567-8539-422a-85d7-44ee4e166bda" />
  </TestLists>
  <TestEntries>
    <TestEntry testId="2435bbb8-1803-18b7-8506-256abccc29a0" executionId="1154701e-b9cf-4441-838a-5a15a46354c8" testListId="8c84fa94-04c1-424b-9868-57a2d4851a1d" />
    <TestEntry testId="5d88df84-0305-fd3f-524f-4e3b272dc83c" executionId="5ace1dc6-8d36-4118-ae33-026dd46e6964" testListId="8c84fa94-04c1-424b-9868-57a2d4851a1d" />
  </TestEntries>
  <Results>
    <UnitTestResult executionId="1154701e-b9cf-4441-838a-5a15a46354c8" testId="2435bbb8-1803-18b7-8506-256abccc29a0" testName="GetShortestPathTest" computerName="OMAR-PC" duration="00:01:06.0467777" startTime="2013-02-08T20:30:11.7983778+02:00" endTime="2013-02-08T20:31:17.8451555+02:00" testType="13cdc9d9-ddb5-4fa4-a97d-d965ccfc6d4b" outcome="Aborted" testListId="8c84fa94-04c1-424b-9868-57a2d4851a1d" relativeResultsDirectory="1154701e-b9cf-4441-838a-5a15a46354c8">
    </UnitTestResult>
    <UnitTestResult executionId="5ace1dc6-8d36-4118-ae33-026dd46e6964" testId="5d88df84-0305-fd3f-524f-4e3b272dc83c" testName="CreateTreeTest" computerName="OMAR-PC" testType="13cdc9d9-ddb5-4fa4-a97d-d965ccfc6d4b" outcome="NotExecuted" testListId="8c84fa94-04c1-424b-9868-57a2d4851a1d" relativeResultsDirectory="5ace1dc6-8d36-4118-ae33-026dd46e6964">
    </UnitTestResult>
  </Results>
</TestRun>