<?xml version="1.0" encoding="UTF-8"?>
<TestRun id="3cce3e27-22d0-4e11-b23e-ecbddd1851c9" name="Omar@OMAR-PC 2013-01-31 23:55:27" runUser="Omar-PC\Omar" xmlns="http://microsoft.com/schemas/VisualStudio/TeamTest/2010">
  <TestSettings name="Local" id="a4d1e543-9071-49d0-9d0f-9bb2feb37e93">
    <Description>These are default test settings for a local test run.</Description>
    <Deployment userDeploymentRoot="C:\Users\Omar\Desktop\DijkstrasAlgorithm\TestResults" useDefaultDeploymentRoot="false" enabled="false" runDeploymentRoot="Omar_OMAR-PC 2013-01-31 23_55_27">
      <DeploymentItem filename="C:\Users\Omar\Desktop\DijkstrasAlgorithm\Services\bin\Debug\Services.dll" />
      <DeploymentItem filename="C:\Users\Omar\Desktop\DijkstrasAlgorithm\Entities\bin\Debug\Entities.dll" />
    </Deployment>
    <Execution>
      <TestTypeSpecific />
      <AgentRule name="Execution Agents">
      </AgentRule>
    </Execution>
  </TestSettings>
  <Times creation="2013-01-31T23:55:27.2144393+02:00" queuing="2013-01-31T23:55:28.9065361+02:00" start="2013-01-31T23:55:29.2365550+02:00" finish="2013-01-31T23:57:03.3089356+02:00" />
  <ResultSummary outcome="Error">
    <Counters total="1" executed="1" error="0" failed="0" timeout="0" aborted="1" inconclusive="0" passedButRunAborted="0" notRunnable="0" notExecuted="0" disconnected="0" warning="0" passed="0" completed="0" inProgress="0" pending="0" />
    <RunInfos>
      <RunInfo computerName="OMAR-PC" outcome="Error" timestamp="2013-01-31T23:57:03.3049354+02:00">
        <Text>Test host process exited unexpectedly.</Text>
      </RunInfo>
    </RunInfos>
  </ResultSummary>
  <TestDefinitions>
    <UnitTest name="GetShortestPathTest" storage="c:\users\omar\desktop\dijkstrasalgorithm\unittests\bin\debug\unittests.dll" id="2435bbb8-1803-18b7-8506-256abccc29a0">
      <Execution id="094de541-b0a2-4e26-8daf-8ebc3cad9d26" />
      <TestMethod codeBase="C:/Users/Omar/Desktop/DijkstrasAlgorithm/UnitTests/bin/Debug/UnitTests.DLL" adapterTypeName="Microsoft.VisualStudio.TestTools.TestTypes.Unit.UnitTestAdapter, Microsoft.VisualStudio.QualityTools.Tips.UnitTest.Adapter, Version=10.0.0.0, Culture=neutral, PublicKeyToken=b03f5f7f11d50a3a" className="UnitTests.ShortestPathTest, UnitTests, Version=1.0.0.0, Culture=neutral, PublicKeyToken=null" name="GetShortestPathTest" />
    </UnitTest>
  </TestDefinitions>
  <TestLists>
    <TestList name="Results Not in a List" id="8c84fa94-04c1-424b-9868-57a2d4851a1d" />
    <TestList name="All Loaded Results" id="19431567-8539-422a-85d7-44ee4e166bda" />
  </TestLists>
  <TestEntries>
    <TestEntry testId="2435bbb8-1803-18b7-8506-256abccc29a0" executionId="094de541-b0a2-4e26-8daf-8ebc3cad9d26" testListId="8c84fa94-04c1-424b-9868-57a2d4851a1d" />
  </TestEntries>
  <Results>
    <UnitTestResult executionId="094de541-b0a2-4e26-8daf-8ebc3cad9d26" testId="2435bbb8-1803-18b7-8506-256abccc29a0" testName="GetShortestPathTest" computerName="OMAR-PC" duration="00:01:33.7803639" startTime="2013-01-31T23:55:29.5285717+02:00" endTime="2013-01-31T23:57:03.3089356+02:00" testType="13cdc9d9-ddb5-4fa4-a97d-d965ccfc6d4b" outcome="Aborted" testListId="8c84fa94-04c1-424b-9868-57a2d4851a1d" relativeResultsDirectory="094de541-b0a2-4e26-8daf-8ebc3cad9d26">
    </UnitTestResult>
  </Results>
</TestRun>