<?xml version="1.0" encoding="UTF-8"?>
<TestRun id="6503ac28-9468-40de-9eb5-b5e34b4ef519" name="Omar@OMAR-PC 2013-02-08 20:40:58" runUser="Omar-PC\Omar" xmlns="http://microsoft.com/schemas/VisualStudio/TeamTest/2010">
  <TestSettings name="Local" id="a4d1e543-9071-49d0-9d0f-9bb2feb37e93">
    <Description>These are default test settings for a local test run.</Description>
    <Deployment userDeploymentRoot="D:\Git\Dijkstra-s-Algorithm\DijkstrasAlgorithm\TestResults" useDefaultDeploymentRoot="false" enabled="false" runDeploymentRoot="Omar_OMAR-PC 2013-02-08 20_40_58">
      <DeploymentItem filename="D:\Git\Dijkstra-s-Algorithm\DijkstrasAlgorithm\Services\bin\Debug\Services.dll" />
      <DeploymentItem filename="D:\Git\Dijkstra-s-Algorithm\DijkstrasAlgorithm\Entities\bin\Debug\Entities.dll" />
    </Deployment>
    <Execution>
      <TestTypeSpecific />
      <AgentRule name="Execution Agents">
      </AgentRule>
    </Execution>
  </TestSettings>
  <Times creation="2013-02-08T20:40:58.2243513+02:00" queuing="2013-02-08T20:40:58.6493756+02:00" start="2013-02-08T20:40:58.6973783+02:00" finish="2013-02-08T20:41:11.8721319+02:00" />
  <ResultSummary outcome="Failed">
    <Counters total="1" executed="1" error="0" failed="1" timeout="0" aborted="0" inconclusive="0" passedButRunAborted="0" notRunnable="0" notExecuted="0" disconnected="0" warning="0" passed="0" completed="0" inProgress="0" pending="0" />
  </ResultSummary>
  <TestDefinitions>
    <UnitTest name="GetShortestPathTest" storage="d:\git\dijkstra-s-algorithm\dijkstrasalgorithm\unittests\bin\debug\unittests.dll" id="2435bbb8-1803-18b7-8506-256abccc29a0">
      <Execution id="f615d536-fb67-47fa-8083-a14f5b57ef3e" />
      <TestMethod codeBase="D:/Git/Dijkstra-s-Algorithm/DijkstrasAlgorithm/UnitTests/bin/Debug/UnitTests.DLL" adapterTypeName="Microsoft.VisualStudio.TestTools.TestTypes.Unit.UnitTestAdapter, Microsoft.VisualStudio.QualityTools.Tips.UnitTest.Adapter, Version=10.0.0.0, Culture=neutral, PublicKeyToken=b03f5f7f11d50a3a" className="UnitTests.ShortestPathTest, UnitTests, Version=1.0.0.0, Culture=neutral, PublicKeyToken=null" name="GetShortestPathTest" />
    </UnitTest>
  </TestDefinitions>
  <TestLists>
    <TestList name="Results Not in a List" id="8c84fa94-04c1-424b-9868-57a2d4851a1d" />
    <TestList name="All Loaded Results" id="19431567-8539-422a-85d7-44ee4e166bda" />
  </TestLists>
  <TestEntries>
    <TestEntry testId="2435bbb8-1803-18b7-8506-256abccc29a0" executionId="f615d536-fb67-47fa-8083-a14f5b57ef3e" testListId="8c84fa94-04c1-424b-9868-57a2d4851a1d" />
  </TestEntries>
  <Results>
    <UnitTestResult executionId="f615d536-fb67-47fa-8083-a14f5b57ef3e" testId="2435bbb8-1803-18b7-8506-256abccc29a0" testName="GetShortestPathTest" computerName="OMAR-PC" duration="00:00:10.2355255" startTime="2013-02-08T20:40:58.7383807+02:00" endTime="2013-02-08T20:41:09.5139970+02:00" testType="13cdc9d9-ddb5-4fa4-a97d-d965ccfc6d4b" outcome="Failed" testListId="8c84fa94-04c1-424b-9868-57a2d4851a1d" relativeResultsDirectory="f615d536-fb67-47fa-8083-a14f5b57ef3e">
      <Output>
        <ErrorInfo>
          <Message>Test method UnitTests.ShortestPathTest.GetShortestPathTest threw exception: 
System.OutOfMemoryException: Exception of type 'System.OutOfMemoryException' was thrown.</Message>
          <StackTrace>    at System.Collections.Generic.List`1.set_Capacity(Int32 value)
   at System.Collections.Generic.List`1.EnsureCapacity(Int32 min)
   at System.Collections.Generic.List`1.Add(T item)
   at Services.ShortestPath.AddEdge(Node node, List`1 edges, Int32 level, Node originNode) in D:\Git\Dijkstra-s-Algorithm\DijkstrasAlgorithm\Services\ShortestPath.cs:line 194
   at Services.ShortestPath.GetPathRecursive(String source, Node node, List`1 edges, Int32 level) in D:\Git\Dijkstra-s-Algorithm\DijkstrasAlgorithm\Services\ShortestPath.cs:line 175
   at Services.ShortestPath.GetPath(String source, Node node) in D:\Git\Dijkstra-s-Algorithm\DijkstrasAlgorithm\Services\ShortestPath.cs:line 145
   at Services.ShortestPath.Services.IShortestPath.GetShortestPath(String source, String destination) in D:\Git\Dijkstra-s-Algorithm\DijkstrasAlgorithm\Services\ShortestPath.cs:line 39
   at UnitTests.ShortestPathTest.GetShortestPathTest() in D:\Git\Dijkstra-s-Algorithm\DijkstrasAlgorithm\UnitTests\ShortestPathTest.cs:line 71
</StackTrace>
        </ErrorInfo>
      </Output>
    </UnitTestResult>
  </Results>
</TestRun>