<?xml version="1.0" encoding="UTF-8"?>
<TestRun id="17a3907b-1d80-424d-9683-c36b22e6dca9" name="Omar@OMAR-PC 2013-02-08 21:03:46" runUser="Omar-PC\Omar" xmlns="http://microsoft.com/schemas/VisualStudio/TeamTest/2010">
  <TestSettings name="Local" id="a4d1e543-9071-49d0-9d0f-9bb2feb37e93">
    <Description>These are default test settings for a local test run.</Description>
    <Deployment userDeploymentRoot="D:\Git\Dijkstra-s-Algorithm\DijkstrasAlgorithm\TestResults" useDefaultDeploymentRoot="false" enabled="false" runDeploymentRoot="Omar_OMAR-PC 2013-02-08 21_03_46">
      <DeploymentItem filename="D:\Git\Dijkstra-s-Algorithm\DijkstrasAlgorithm\Services\bin\Debug\Services.dll" />
      <DeploymentItem filename="D:\Git\Dijkstra-s-Algorithm\DijkstrasAlgorithm\Entities\bin\Debug\Entities.dll" />
    </Deployment>
    <Execution>
      <TestTypeSpecific />
      <AgentRule name="Execution Agents">
      </AgentRule>
    </Execution>
  </TestSettings>
  <Times creation="2013-02-08T21:03:46.7356257+02:00" queuing="2013-02-08T21:03:48.7997437+02:00" start="2013-02-08T21:03:49.0677590+02:00" finish="2013-02-08T21:04:52.8114050+02:00" />
  <ResultSummary outcome="Error">
    <Counters total="2" executed="1" error="0" failed="0" timeout="0" aborted="1" inconclusive="0" passedButRunAborted="0" notRunnable="0" notExecuted="1" disconnected="0" warning="0" passed="0" completed="0" inProgress="0" pending="0" />
    <RunInfos>
      <RunInfo computerName="OMAR-PC" outcome="Error" timestamp="2013-02-08T21:04:52.8084048+02:00">
        <Text>Test host process exited unexpectedly.</Text>
      </RunInfo>
    </RunInfos>
  </ResultSummary>
  <TestDefinitions>
    <UnitTest name="CreateTreeTest" storage="d:\git\dijkstra-s-algorithm\dijkstrasalgorithm\unittests\bin\debug\unittests.dll" id="5d88df84-0305-fd3f-524f-4e3b272dc83c">
      <Execution id="84bb12e8-6cbd-4c95-a6dd-bfdf456837a1" />
      <TestMethod codeBase="D:/Git/Dijkstra-s-Algorithm/DijkstrasAlgorithm/UnitTests/bin/Debug/UnitTests.DLL" adapterTypeName="Microsoft.VisualStudio.TestTools.TestTypes.Unit.UnitTestAdapter, Microsoft.VisualStudio.QualityTools.Tips.UnitTest.Adapter, Version=10.0.0.0, Culture=neutral, PublicKeyToken=b03f5f7f11d50a3a" className="UnitTests.ShortestPathTest, UnitTests, Version=1.0.0.0, Culture=neutral, PublicKeyToken=null" name="CreateTreeTest" />
    </UnitTest>
    <UnitTest name="GetShortestPathTest" storage="d:\git\dijkstra-s-algorithm\dijkstrasalgorithm\unittests\bin\debug\unittests.dll" id="2435bbb8-1803-18b7-8506-256abccc29a0">
      <Execution id="01d73f70-e39d-42d3-81b2-f2e45a0ba4ae" />
      <TestMethod codeBase="D:/Git/Dijkstra-s-Algorithm/DijkstrasAlgorithm/UnitTests/bin/Debug/UnitTests.DLL" adapterTypeName="Microsoft.VisualStudio.TestTools.TestTypes.Unit.UnitTestAdapter, Microsoft.VisualStudio.QualityTools.Tips.UnitTest.Adapter, Version=10.0.0.0, Culture=neutral, PublicKeyToken=b03f5f7f11d50a3a" className="UnitTests.ShortestPathTest, UnitTests, Version=1.0.0.0, Culture=neutral, PublicKeyToken=null" name="GetShortestPathTest" />
    </UnitTest>
  </TestDefinitions>
  <TestLists>
    <TestList name="Results Not in a List" id="8c84fa94-04c1-424b-9868-57a2d4851a1d" />
    <TestList name="All Loaded Results" id="19431567-8539-422a-85d7-44ee4e166bda" />
  </TestLists>
  <TestEntries>
    <TestEntry testId="2435bbb8-1803-18b7-8506-256abccc29a0" executionId="01d73f70-e39d-42d3-81b2-f2e45a0ba4ae" testListId="8c84fa94-04c1-424b-9868-57a2d4851a1d" />
    <TestEntry testId="5d88df84-0305-fd3f-524f-4e3b272dc83c" executionId="84bb12e8-6cbd-4c95-a6dd-bfdf456837a1" testListId="8c84fa94-04c1-424b-9868-57a2d4851a1d" />
  </TestEntries>
  <Results>
    <UnitTestResult executionId="01d73f70-e39d-42d3-81b2-f2e45a0ba4ae" testId="2435bbb8-1803-18b7-8506-256abccc29a0" testName="GetShortestPathTest" computerName="OMAR-PC" duration="00:01:03.4886314" startTime="2013-02-08T21:03:49.3227736+02:00" endTime="2013-02-08T21:04:52.8114050+02:00" testType="13cdc9d9-ddb5-4fa4-a97d-d965ccfc6d4b" outcome="Aborted" testListId="8c84fa94-04c1-424b-9868-57a2d4851a1d" relativeResultsDirectory="01d73f70-e39d-42d3-81b2-f2e45a0ba4ae">
    </UnitTestResult>
    <UnitTestResult executionId="84bb12e8-6cbd-4c95-a6dd-bfdf456837a1" testId="5d88df84-0305-fd3f-524f-4e3b272dc83c" testName="CreateTreeTest" computerName="OMAR-PC" testType="13cdc9d9-ddb5-4fa4-a97d-d965ccfc6d4b" outcome="NotExecuted" testListId="8c84fa94-04c1-424b-9868-57a2d4851a1d" relativeResultsDirectory="84bb12e8-6cbd-4c95-a6dd-bfdf456837a1">
    </UnitTestResult>
  </Results>
</TestRun>